0 info it worked if it ends with ok
<<<<<<< HEAD
<<<<<<< HEAD
<<<<<<< HEAD
<<<<<<< HEAD
1 verbose cli [ '/usr/local/bin/node', '/usr/local/bin/npm', 'run', 'compile' ]
2 info using npm@3.10.10
3 info using node@v6.11.1
4 verbose stack Error: Failed to parse json
4 verbose stack Unexpected token '<' at 7:1
4 verbose stack <<<<<<< HEAD
4 verbose stack ^
4 verbose stack     at parseError (/usr/local/lib/node_modules/npm/node_modules/read-package-json/read-json.js:390:11)
4 verbose stack     at parseJson (/usr/local/lib/node_modules/npm/node_modules/read-package-json/read-json.js:79:23)
4 verbose stack     at /usr/local/lib/node_modules/npm/node_modules/read-package-json/read-json.js:48:5
=======
=======
>>>>>>> add styling to landing page main image and title
1 verbose cli [ '/usr/local/bin/node',
1 verbose cli   '/usr/local/bin/npm',
1 verbose cli   'run',
1 verbose cli   'live-server' ]
<<<<<<< HEAD
2 info using npm@3.10.10
3 info using node@v6.11.1
4 verbose stack Error: missing script: live-server
=======
1 verbose cli [ '/usr/local/bin/node', '/usr/local/bin/npm', 'run', 'comile' ]
2 info using npm@3.10.10
3 info using node@v6.11.1
4 verbose stack Error: missing script: comile
>>>>>>> remove semantic UI styling
=======
2 info using npm@3.10.10
3 info using node@v6.11.1
4 verbose stack Error: missing script: live-server
>>>>>>> add styling to landing page main image and title
4 verbose stack     at run (/usr/local/lib/node_modules/npm/lib/run-script.js:151:19)
4 verbose stack     at /usr/local/lib/node_modules/npm/lib/run-script.js:61:5
4 verbose stack     at /usr/local/lib/node_modules/npm/node_modules/read-package-json/read-json.js:356:5
4 verbose stack     at checkBinReferences_ (/usr/local/lib/node_modules/npm/node_modules/read-package-json/read-json.js:320:45)
4 verbose stack     at final (/usr/local/lib/node_modules/npm/node_modules/read-package-json/read-json.js:354:3)
4 verbose stack     at then (/usr/local/lib/node_modules/npm/node_modules/read-package-json/read-json.js:124:5)
4 verbose stack     at /usr/local/lib/node_modules/npm/node_modules/read-package-json/read-json.js:311:12
<<<<<<< HEAD
>>>>>>> add styling to landing page main image and title
=======
>>>>>>> remove semantic UI styling
4 verbose stack     at /usr/local/lib/node_modules/npm/node_modules/graceful-fs/graceful-fs.js:78:16
4 verbose stack     at tryToString (fs.js:456:3)
4 verbose stack     at FSReqWrap.readFileAfterClose [as oncomplete] (fs.js:443:12)
5 verbose cwd /Users/newuser/Desktop/repositories/REMOTE/Fridge-It
6 error Darwin 17.0.0
<<<<<<< HEAD
<<<<<<< HEAD
<<<<<<< HEAD
7 error argv "/usr/local/bin/node" "/usr/local/bin/npm" "run" "compile"
8 error node v6.11.1
9 error npm  v3.10.10
10 error file /Users/newuser/Desktop/repositories/REMOTE/Fridge-It/package.json
11 error code EJSONPARSE
12 error Failed to parse json
12 error Unexpected token '<' at 7:1
12 error <<<<<<< HEAD
12 error ^
13 error File: /Users/newuser/Desktop/repositories/REMOTE/Fridge-It/package.json
14 error Failed to parse package.json data.
14 error package.json must be actual JSON, not just JavaScript.
14 error
14 error This is not a bug in npm.
14 error Tell the package author to fix their package.json file. JSON.parse
15 verbose exit [ 1, true ]
=======
7 error argv "/usr/local/bin/node" "/usr/local/bin/npm" "run" "live-server"
8 error node v6.11.1
9 error npm  v3.10.10
10 error missing script: live-server
11 error If you need help, you may report this error at:
11 error     <https://github.com/npm/npm/issues>
12 verbose exit [ 1, true ]
>>>>>>> add styling to landing page main image and title
=======
1 verbose cli [ '/usr/local/bin/node', '/usr/local/bin/npm', 'install' ]
2 info using npm@3.10.10
3 info using node@v6.11.1
4 silly loadCurrentTree Starting
5 silly install loadCurrentTree
6 silly install readLocalPackageData
7 silly rollbackFailedOptional Starting
8 silly rollbackFailedOptional Finishing
9 silly runTopLevelLifecycles Finishing
10 silly install printInstalled
11 verbose stack Error: Failed to parse json
11 verbose stack Unexpected token '<' at 7:1
11 verbose stack <<<<<<< HEAD
11 verbose stack ^
11 verbose stack     at parseError (/usr/local/lib/node_modules/npm/node_modules/read-package-json/read-json.js:390:11)
11 verbose stack     at parseJson (/usr/local/lib/node_modules/npm/node_modules/read-package-json/read-json.js:79:23)
11 verbose stack     at /usr/local/lib/node_modules/npm/node_modules/read-package-json/read-json.js:48:5
11 verbose stack     at /usr/local/lib/node_modules/npm/node_modules/graceful-fs/graceful-fs.js:78:16
11 verbose stack     at tryToString (fs.js:456:3)
11 verbose stack     at FSReqWrap.readFileAfterClose [as oncomplete] (fs.js:443:12)
12 verbose cwd /Users/newuser/Desktop/repositories/REMOTE/Fridge-It
13 error Darwin 17.0.0
14 error argv "/usr/local/bin/node" "/usr/local/bin/npm" "install"
15 error node v6.11.1
16 error npm  v3.10.10
17 error file /Users/newuser/Desktop/repositories/REMOTE/Fridge-It/package.json
18 error code EJSONPARSE
19 error Failed to parse json
19 error Unexpected token '<' at 7:1
19 error <<<<<<< HEAD
19 error ^
20 error File: /Users/newuser/Desktop/repositories/REMOTE/Fridge-It/package.json
21 error Failed to parse package.json data.
21 error package.json must be actual JSON, not just JavaScript.
21 error
21 error This is not a bug in npm.
21 error Tell the package author to fix their package.json file. JSON.parse
22 verbose exit [ 1, true ]
>>>>>>> resolve merge conflict
=======
7 error argv "/usr/local/bin/node" "/usr/local/bin/npm" "run" "comile"
=======
7 error argv "/usr/local/bin/node" "/usr/local/bin/npm" "run" "live-server"
>>>>>>> add styling to landing page main image and title
8 error node v6.11.1
9 error npm  v3.10.10
10 error missing script: live-server
11 error If you need help, you may report this error at:
11 error     <https://github.com/npm/npm/issues>
12 verbose exit [ 1, true ]
>>>>>>> remove semantic UI styling
